2021-05-13 18:52:26,656 DEBUG scheduler Queued events for site company_contacts
2021-05-13 18:52:28,458 INFO scheduler Scheduled Job Start: frappe.monitor.flush for company_contacts
2021-05-13 18:52:28,547 INFO scheduler Scheduled Job Complete: frappe.monitor.flush for company_contacts
2021-05-13 18:52:28,619 INFO scheduler Scheduled Job Start: frappe.utils.global_search.sync_global_search for company_contacts
2021-05-13 18:52:28,709 INFO scheduler Scheduled Job Complete: frappe.utils.global_search.sync_global_search for company_contacts
2021-05-13 18:52:28,778 INFO scheduler Scheduled Job Start: frappe.integrations.doctype.razorpay_settings.razorpay_settings.capture_payment for company_contacts
2021-05-13 18:52:29,032 INFO scheduler Scheduled Job Complete: frappe.integrations.doctype.razorpay_settings.razorpay_settings.capture_payment for company_contacts
2021-05-13 18:52:29,101 INFO scheduler Scheduled Job Start: frappe.email.doctype.email_account.email_account.notify_unreplied for company_contacts
2021-05-13 18:52:29,283 INFO scheduler Scheduled Job Complete: frappe.email.doctype.email_account.email_account.notify_unreplied for company_contacts
2021-05-13 18:52:29,355 INFO scheduler Scheduled Job Start: frappe.email.doctype.email_account.email_account.pull for company_contacts
2021-05-13 18:52:29,551 INFO scheduler Scheduled Job Complete: frappe.email.doctype.email_account.email_account.pull for company_contacts
2021-05-13 18:52:29,617 INFO scheduler Scheduled Job Start: frappe.email.queue.flush for company_contacts
2021-05-13 18:52:29,799 INFO scheduler Scheduled Job Complete: frappe.email.queue.flush for company_contacts
2021-05-13 18:53:27,267 DEBUG scheduler Queued events for site company_contacts
2021-05-13 18:54:27,631 DEBUG scheduler Queued events for site company_contacts
2021-05-13 18:55:28,139 DEBUG scheduler Queued events for site company_contacts
2021-05-13 18:56:28,697 DEBUG scheduler Queued events for site company_contacts
2021-05-13 18:56:30,098 INFO scheduler Scheduled Job Start: frappe.monitor.flush for company_contacts
2021-05-13 18:56:30,190 INFO scheduler Scheduled Job Complete: frappe.monitor.flush for company_contacts
2021-05-13 18:56:30,262 INFO scheduler Scheduled Job Start: frappe.utils.global_search.sync_global_search for company_contacts
2021-05-13 18:56:30,353 INFO scheduler Scheduled Job Complete: frappe.utils.global_search.sync_global_search for company_contacts
2021-05-13 18:56:30,424 INFO scheduler Scheduled Job Start: frappe.integrations.doctype.razorpay_settings.razorpay_settings.capture_payment for company_contacts
2021-05-13 18:56:30,678 INFO scheduler Scheduled Job Complete: frappe.integrations.doctype.razorpay_settings.razorpay_settings.capture_payment for company_contacts
2021-05-13 18:56:30,748 INFO scheduler Scheduled Job Start: frappe.email.doctype.email_account.email_account.notify_unreplied for company_contacts
2021-05-13 18:56:30,934 INFO scheduler Scheduled Job Complete: frappe.email.doctype.email_account.email_account.notify_unreplied for company_contacts
2021-05-13 18:56:31,005 INFO scheduler Scheduled Job Start: frappe.email.doctype.email_account.email_account.pull for company_contacts
2021-05-13 18:56:31,197 INFO scheduler Scheduled Job Complete: frappe.email.doctype.email_account.email_account.pull for company_contacts
2021-05-13 18:56:31,269 INFO scheduler Scheduled Job Start: frappe.email.queue.flush for company_contacts
2021-05-13 18:56:31,454 INFO scheduler Scheduled Job Complete: frappe.email.queue.flush for company_contacts
2021-05-13 18:57:29,254 DEBUG scheduler Queued events for site company_contacts
2021-05-13 18:58:29,798 DEBUG scheduler Queued events for site company_contacts
2021-05-13 18:59:30,320 DEBUG scheduler Queued events for site company_contacts
2021-05-13 19:00:31,106 DEBUG scheduler Queued events for site company_contacts
2021-05-13 19:00:38,445 INFO scheduler Scheduled Job Start: frappe.email.doctype.newsletter.newsletter.send_scheduled_email for company_contacts
2021-05-13 19:00:38,761 INFO scheduler Scheduled Job Complete: frappe.email.doctype.newsletter.newsletter.send_scheduled_email for company_contacts
2021-05-13 19:00:38,838 INFO scheduler Scheduled Job Start: frappe.integrations.doctype.google_calendar.google_calendar.sync for company_contacts
2021-05-13 19:00:39,318 INFO scheduler Scheduled Job Complete: frappe.integrations.doctype.google_calendar.google_calendar.sync for company_contacts
2021-05-13 19:00:39,395 INFO scheduler Scheduled Job Start: frappe.desk.form.document_follow.send_hourly_updates for company_contacts
2021-05-13 19:00:39,633 INFO scheduler Scheduled Job Complete: frappe.desk.form.document_follow.send_hourly_updates for company_contacts
2021-05-13 19:00:39,710 INFO scheduler Scheduled Job Start: frappe.deferred_insert.save_to_db for company_contacts
2021-05-13 19:00:39,947 INFO scheduler Scheduled Job Complete: frappe.deferred_insert.save_to_db for company_contacts
2021-05-13 19:00:40,027 INFO scheduler Scheduled Job Start: frappe.desk.page.backups.backups.delete_downloadable_backups for company_contacts
2021-05-13 19:00:40,278 INFO scheduler Scheduled Job Complete: frappe.desk.page.backups.backups.delete_downloadable_backups for company_contacts
2021-05-13 19:00:40,358 INFO scheduler Scheduled Job Start: frappe.utils.error.collect_error_snapshots for company_contacts
2021-05-13 19:00:40,593 INFO scheduler Scheduled Job Complete: frappe.utils.error.collect_error_snapshots for company_contacts
2021-05-13 19:00:40,673 INFO scheduler Scheduled Job Start: frappe.model.utils.user_settings.sync_user_settings for company_contacts
2021-05-13 19:00:40,896 INFO scheduler Scheduled Job Complete: frappe.model.utils.user_settings.sync_user_settings for company_contacts
2021-05-13 19:00:40,970 INFO scheduler Scheduled Job Start: frappe.model.utils.link_count.update_link_count for company_contacts
2021-05-13 19:00:41,205 INFO scheduler Scheduled Job Complete: frappe.model.utils.link_count.update_link_count for company_contacts
2021-05-13 19:00:41,279 INFO scheduler Scheduled Job Start: frappe.monitor.flush for company_contacts
2021-05-13 19:00:41,394 INFO scheduler Scheduled Job Complete: frappe.monitor.flush for company_contacts
2021-05-13 19:00:41,490 INFO scheduler Scheduled Job Start: frappe.utils.global_search.sync_global_search for company_contacts
2021-05-13 19:00:41,647 INFO scheduler Scheduled Job Complete: frappe.utils.global_search.sync_global_search for company_contacts
2021-05-13 19:00:41,737 INFO scheduler Scheduled Job Start: frappe.integrations.doctype.razorpay_settings.razorpay_settings.capture_payment for company_contacts
2021-05-13 19:00:42,029 INFO scheduler Scheduled Job Complete: frappe.integrations.doctype.razorpay_settings.razorpay_settings.capture_payment for company_contacts
2021-05-13 19:00:42,110 INFO scheduler Scheduled Job Start: frappe.email.doctype.email_account.email_account.notify_unreplied for company_contacts
2021-05-13 19:00:42,374 INFO scheduler Scheduled Job Complete: frappe.email.doctype.email_account.email_account.notify_unreplied for company_contacts
2021-05-13 19:00:42,453 INFO scheduler Scheduled Job Start: frappe.email.doctype.email_account.email_account.pull for company_contacts
2021-05-13 19:00:42,664 INFO scheduler Scheduled Job Complete: frappe.email.doctype.email_account.email_account.pull for company_contacts
2021-05-13 19:00:42,749 INFO scheduler Scheduled Job Start: frappe.email.queue.flush for company_contacts
2021-05-13 19:00:43,005 INFO scheduler Scheduled Job Complete: frappe.email.queue.flush for company_contacts
2021-05-13 19:00:43,081 INFO scheduler Scheduled Job Start: frappe.twofactor.delete_all_barcodes_for_users for company_contacts
2021-05-13 19:00:43,441 INFO scheduler Scheduled Job Complete: frappe.twofactor.delete_all_barcodes_for_users for company_contacts
2021-05-13 19:00:43,524 INFO scheduler Scheduled Job Start: frappe.website.doctype.web_page.web_page.check_publish_status for company_contacts
2021-05-13 19:00:43,885 INFO scheduler Scheduled Job Complete: frappe.website.doctype.web_page.web_page.check_publish_status for company_contacts
2021-05-13 19:00:43,963 INFO scheduler Scheduled Job Start: frappe.oauth.delete_oauth2_data for company_contacts
2021-05-13 19:00:44,235 INFO scheduler Scheduled Job Complete: frappe.oauth.delete_oauth2_data for company_contacts
2021-05-13 19:01:31,825 DEBUG scheduler Queued events for site company_contacts
2021-05-13 19:02:32,289 DEBUG scheduler Queued events for site company_contacts
2021-05-13 19:03:32,735 DEBUG scheduler Queued events for site company_contacts
2021-05-13 19:04:33,257 DEBUG scheduler Queued events for site company_contacts
2021-05-13 19:04:35,185 INFO scheduler Scheduled Job Start: frappe.monitor.flush for company_contacts
2021-05-13 19:04:35,288 INFO scheduler Scheduled Job Complete: frappe.monitor.flush for company_contacts
2021-05-13 19:04:35,365 INFO scheduler Scheduled Job Start: frappe.utils.global_search.sync_global_search for company_contacts
2021-05-13 19:04:35,454 INFO scheduler Scheduled Job Complete: frappe.utils.global_search.sync_global_search for company_contacts
2021-05-13 19:04:35,521 INFO scheduler Scheduled Job Start: frappe.integrations.doctype.razorpay_settings.razorpay_settings.capture_payment for company_contacts
2021-05-13 19:04:35,770 INFO scheduler Scheduled Job Complete: frappe.integrations.doctype.razorpay_settings.razorpay_settings.capture_payment for company_contacts
2021-05-13 19:04:35,840 INFO scheduler Scheduled Job Start: frappe.email.doctype.email_account.email_account.notify_unreplied for company_contacts
2021-05-13 19:04:36,025 INFO scheduler Scheduled Job Complete: frappe.email.doctype.email_account.email_account.notify_unreplied for company_contacts
2021-05-13 19:04:36,114 INFO scheduler Scheduled Job Start: frappe.email.doctype.email_account.email_account.pull for company_contacts
2021-05-13 19:04:36,319 INFO scheduler Scheduled Job Complete: frappe.email.doctype.email_account.email_account.pull for company_contacts
2021-05-13 19:04:36,390 INFO scheduler Scheduled Job Start: frappe.email.queue.flush for company_contacts
2021-05-13 19:04:36,575 INFO scheduler Scheduled Job Complete: frappe.email.queue.flush for company_contacts
2021-05-13 19:05:33,813 DEBUG scheduler Queued events for site company_contacts
2021-05-13 19:06:34,275 DEBUG scheduler Queued events for site company_contacts
2021-05-14 20:57:11,040 DEBUG scheduler Queued events for site company_contacts
2021-05-14 20:57:14,956 INFO scheduler Scheduled Job Start: frappe.integrations.doctype.google_drive.google_drive.daily_backup for company_contacts
2021-05-14 20:57:15,625 INFO scheduler Scheduled Job Complete: frappe.integrations.doctype.google_drive.google_drive.daily_backup for company_contacts
2021-05-14 20:57:15,733 INFO scheduler Scheduled Job Start: frappe.integrations.doctype.s3_backup_settings.s3_backup_settings.take_backups_daily for company_contacts
2021-05-14 20:57:16,143 INFO scheduler Scheduled Job Complete: frappe.integrations.doctype.s3_backup_settings.s3_backup_settings.take_backups_daily for company_contacts
2021-05-14 20:57:16,239 INFO scheduler Scheduled Job Start: frappe.utils.change_log.check_for_update for company_contacts
2021-05-14 20:57:17,258 INFO scheduler Scheduled Job Start: frappe.integrations.doctype.dropbox_settings.dropbox_settings.take_backups_daily for company_contacts
2021-05-14 20:57:17,970 INFO scheduler Scheduled Job Complete: frappe.integrations.doctype.dropbox_settings.dropbox_settings.take_backups_daily for company_contacts
2021-05-14 20:57:26,102 INFO scheduler Scheduled Job Start: frappe.core.doctype.log_settings.log_settings.run_log_clean_up for company_contacts
2021-05-14 20:57:26,410 INFO scheduler Scheduled Job Complete: frappe.core.doctype.log_settings.log_settings.run_log_clean_up for company_contacts
2021-05-14 20:57:26,486 INFO scheduler Scheduled Job Start: frappe.core.doctype.prepared_report.prepared_report.delete_expired_prepared_reports for company_contacts
2021-05-14 20:57:26,761 INFO scheduler Scheduled Job Complete: frappe.core.doctype.prepared_report.prepared_report.delete_expired_prepared_reports for company_contacts
2021-05-14 20:57:26,837 INFO scheduler Scheduled Job Start: frappe.email.doctype.unhandled_email.unhandled_email.remove_old_unhandled_emails for company_contacts
2021-05-14 20:57:27,080 INFO scheduler Scheduled Job Complete: frappe.email.doctype.unhandled_email.unhandled_email.remove_old_unhandled_emails for company_contacts
2021-05-14 20:57:27,155 INFO scheduler Scheduled Job Start: frappe.automation.doctype.auto_repeat.auto_repeat.set_auto_repeat_as_completed for company_contacts
2021-05-14 20:57:27,445 INFO scheduler Scheduled Job Complete: frappe.automation.doctype.auto_repeat.auto_repeat.set_auto_repeat_as_completed for company_contacts
2021-05-14 20:57:27,523 INFO scheduler Scheduled Job Start: frappe.automation.doctype.auto_repeat.auto_repeat.make_auto_repeat_entry for company_contacts
2021-05-14 20:57:27,802 INFO scheduler Scheduled Job Complete: frappe.automation.doctype.auto_repeat.auto_repeat.make_auto_repeat_entry for company_contacts
2021-05-14 20:57:27,881 INFO scheduler Scheduled Job Start: frappe.integrations.doctype.google_contacts.google_contacts.sync for company_contacts
2021-05-14 20:57:28,294 INFO scheduler Scheduled Job Complete: frappe.integrations.doctype.google_contacts.google_contacts.sync for company_contacts
2021-05-14 20:57:28,367 INFO scheduler Scheduled Job Start: frappe.social.doctype.energy_point_settings.energy_point_settings.allocate_review_points for company_contacts
2021-05-14 20:57:28,613 INFO scheduler Scheduled Job Complete: frappe.social.doctype.energy_point_settings.energy_point_settings.allocate_review_points for company_contacts
2021-05-14 20:57:28,685 INFO scheduler Scheduled Job Start: frappe.desk.form.document_follow.send_daily_updates for company_contacts
2021-05-14 20:57:28,939 INFO scheduler Scheduled Job Complete: frappe.desk.form.document_follow.send_daily_updates for company_contacts
2021-05-14 20:57:29,017 INFO scheduler Scheduled Job Start: frappe.website.doctype.personal_data_deletion_request.personal_data_deletion_request.remove_unverified_record for company_contacts
2021-05-14 20:57:29,253 INFO scheduler Scheduled Job Complete: frappe.website.doctype.personal_data_deletion_request.personal_data_deletion_request.remove_unverified_record for company_contacts
2021-05-14 20:57:29,324 INFO scheduler Scheduled Job Start: frappe.email.doctype.auto_email_report.auto_email_report.send_daily for company_contacts
2021-05-14 20:57:29,690 INFO scheduler Scheduled Job Complete: frappe.email.doctype.auto_email_report.auto_email_report.send_daily for company_contacts
2021-05-14 20:57:29,763 INFO scheduler Scheduled Job Start: frappe.utils.scheduler.restrict_scheduler_events_if_dormant for company_contacts
2021-05-14 20:57:29,997 INFO scheduler Scheduled Job Failed: frappe.utils.scheduler.restrict_scheduler_events_if_dormant for company_contacts
2021-05-14 20:57:30,081 INFO scheduler Scheduled Job Start: frappe.realtime.remove_old_task_logs for company_contacts
2021-05-14 20:57:30,316 INFO scheduler Scheduled Job Complete: frappe.realtime.remove_old_task_logs for company_contacts
2021-05-14 20:57:30,388 INFO scheduler Scheduled Job Start: frappe.email.doctype.notification.notification.trigger_daily_alerts for company_contacts
2021-05-14 20:57:30,623 INFO scheduler Scheduled Job Complete: frappe.email.doctype.notification.notification.trigger_daily_alerts for company_contacts
2021-05-14 20:57:30,693 INFO scheduler Scheduled Job Start: frappe.sessions.clear_expired_sessions for company_contacts
2021-05-14 20:57:30,933 INFO scheduler Scheduled Job Complete: frappe.sessions.clear_expired_sessions for company_contacts
2021-05-14 20:57:31,004 INFO scheduler Scheduled Job Start: frappe.desk.doctype.event.event.send_event_digest for company_contacts
2021-05-14 20:57:31,276 INFO scheduler Scheduled Job Complete: frappe.desk.doctype.event.event.send_event_digest for company_contacts
2021-05-14 20:57:31,348 INFO scheduler Scheduled Job Start: frappe.core.doctype.error_log.error_log.set_old_logs_as_seen for company_contacts
2021-05-14 20:57:31,584 INFO scheduler Scheduled Job Complete: frappe.core.doctype.error_log.error_log.set_old_logs_as_seen for company_contacts
2021-05-14 20:57:31,655 INFO scheduler Scheduled Job Start: frappe.desk.notifications.clear_notifications for company_contacts
2021-05-14 20:57:31,890 INFO scheduler Scheduled Job Complete: frappe.desk.notifications.clear_notifications for company_contacts
2021-05-14 20:57:31,965 INFO scheduler Scheduled Job Start: frappe.email.queue.set_expiry_for_email_queue for company_contacts
2021-05-14 20:57:32,218 INFO scheduler Scheduled Job Complete: frappe.email.queue.set_expiry_for_email_queue for company_contacts
2021-05-14 20:57:32,289 INFO scheduler Scheduled Job Start: frappe.email.doctype.newsletter.newsletter.send_scheduled_email for company_contacts
2021-05-14 20:57:32,605 INFO scheduler Scheduled Job Complete: frappe.email.doctype.newsletter.newsletter.send_scheduled_email for company_contacts
2021-05-14 20:57:32,677 INFO scheduler Scheduled Job Start: frappe.integrations.doctype.google_calendar.google_calendar.sync for company_contacts
2021-05-14 20:57:33,076 INFO scheduler Scheduled Job Complete: frappe.integrations.doctype.google_calendar.google_calendar.sync for company_contacts
2021-05-14 20:57:33,150 INFO scheduler Scheduled Job Start: frappe.desk.form.document_follow.send_hourly_updates for company_contacts
2021-05-14 20:57:33,401 INFO scheduler Scheduled Job Complete: frappe.desk.form.document_follow.send_hourly_updates for company_contacts
2021-05-14 20:57:33,474 INFO scheduler Scheduled Job Start: frappe.deferred_insert.save_to_db for company_contacts
2021-05-14 20:57:33,705 INFO scheduler Scheduled Job Complete: frappe.deferred_insert.save_to_db for company_contacts
2021-05-14 20:57:33,776 INFO scheduler Scheduled Job Start: frappe.desk.page.backups.backups.delete_downloadable_backups for company_contacts
2021-05-14 20:57:34,015 INFO scheduler Scheduled Job Complete: frappe.desk.page.backups.backups.delete_downloadable_backups for company_contacts
2021-05-14 20:57:34,086 INFO scheduler Scheduled Job Start: frappe.utils.error.collect_error_snapshots for company_contacts
2021-05-14 20:57:34,325 INFO scheduler Scheduled Job Complete: frappe.utils.error.collect_error_snapshots for company_contacts
2021-05-14 20:57:34,397 INFO scheduler Scheduled Job Start: frappe.model.utils.user_settings.sync_user_settings for company_contacts
2021-05-14 20:57:34,630 INFO scheduler Scheduled Job Complete: frappe.model.utils.user_settings.sync_user_settings for company_contacts
2021-05-14 20:57:34,702 INFO scheduler Scheduled Job Start: frappe.model.utils.link_count.update_link_count for company_contacts
2021-05-14 20:57:34,936 INFO scheduler Scheduled Job Complete: frappe.model.utils.link_count.update_link_count for company_contacts
2021-05-14 20:57:35,007 INFO scheduler Scheduled Job Start: frappe.monitor.flush for company_contacts
2021-05-14 20:57:35,097 INFO scheduler Scheduled Job Complete: frappe.monitor.flush for company_contacts
2021-05-14 20:57:35,164 INFO scheduler Scheduled Job Start: frappe.utils.global_search.sync_global_search for company_contacts
2021-05-14 20:57:35,252 INFO scheduler Scheduled Job Complete: frappe.utils.global_search.sync_global_search for company_contacts
2021-05-14 20:57:35,319 INFO scheduler Scheduled Job Start: frappe.integrations.doctype.razorpay_settings.razorpay_settings.capture_payment for company_contacts
2021-05-14 20:57:35,615 INFO scheduler Scheduled Job Complete: frappe.integrations.doctype.razorpay_settings.razorpay_settings.capture_payment for company_contacts
2021-05-14 20:57:35,683 INFO scheduler Scheduled Job Start: frappe.email.doctype.email_account.email_account.notify_unreplied for company_contacts
2021-05-14 20:57:35,916 INFO scheduler Scheduled Job Complete: frappe.email.doctype.email_account.email_account.notify_unreplied for company_contacts
2021-05-14 20:57:35,985 INFO scheduler Scheduled Job Start: frappe.email.doctype.email_account.email_account.pull for company_contacts
2021-05-14 20:57:36,190 INFO scheduler Scheduled Job Complete: frappe.email.doctype.email_account.email_account.pull for company_contacts
2021-05-14 20:57:36,261 INFO scheduler Scheduled Job Start: frappe.email.queue.flush for company_contacts
2021-05-14 20:57:36,457 INFO scheduler Scheduled Job Complete: frappe.email.queue.flush for company_contacts
2021-05-14 20:57:36,526 INFO scheduler Scheduled Job Start: frappe.twofactor.delete_all_barcodes_for_users for company_contacts
2021-05-14 20:57:36,774 INFO scheduler Scheduled Job Complete: frappe.twofactor.delete_all_barcodes_for_users for company_contacts
2021-05-14 20:57:36,846 INFO scheduler Scheduled Job Start: frappe.website.doctype.web_page.web_page.check_publish_status for company_contacts
2021-05-14 20:57:37,163 INFO scheduler Scheduled Job Complete: frappe.website.doctype.web_page.web_page.check_publish_status for company_contacts
2021-05-14 20:57:37,235 INFO scheduler Scheduled Job Start: frappe.oauth.delete_oauth2_data for company_contacts
2021-05-14 20:57:37,523 INFO scheduler Scheduled Job Complete: frappe.oauth.delete_oauth2_data for company_contacts
2021-05-14 20:58:12,888 DEBUG scheduler Queued events for site company_contacts
2021-05-14 20:59:13,440 DEBUG scheduler Queued events for site company_contacts
2021-05-14 21:00:13,924 INFO scheduler Scheduled Job Start: frappe.email.doctype.newsletter.newsletter.send_scheduled_email for company_contacts
2021-05-14 21:00:13,969 DEBUG scheduler Queued events for site company_contacts
2021-05-14 21:00:14,250 INFO scheduler Scheduled Job Complete: frappe.email.doctype.newsletter.newsletter.send_scheduled_email for company_contacts
2021-05-14 21:00:14,325 INFO scheduler Scheduled Job Start: frappe.integrations.doctype.google_calendar.google_calendar.sync for company_contacts
2021-05-14 21:00:14,701 INFO scheduler Scheduled Job Complete: frappe.integrations.doctype.google_calendar.google_calendar.sync for company_contacts
2021-05-14 21:00:14,777 INFO scheduler Scheduled Job Start: frappe.desk.form.document_follow.send_hourly_updates for company_contacts
2021-05-14 21:00:15,015 INFO scheduler Scheduled Job Complete: frappe.desk.form.document_follow.send_hourly_updates for company_contacts
2021-05-14 21:00:15,089 INFO scheduler Scheduled Job Start: frappe.deferred_insert.save_to_db for company_contacts
2021-05-14 21:00:15,323 INFO scheduler Scheduled Job Complete: frappe.deferred_insert.save_to_db for company_contacts
2021-05-14 21:00:15,396 INFO scheduler Scheduled Job Start: frappe.desk.page.backups.backups.delete_downloadable_backups for company_contacts
2021-05-14 21:00:15,637 INFO scheduler Scheduled Job Complete: frappe.desk.page.backups.backups.delete_downloadable_backups for company_contacts
2021-05-14 21:00:15,710 INFO scheduler Scheduled Job Start: frappe.utils.error.collect_error_snapshots for company_contacts
2021-05-14 21:00:15,949 INFO scheduler Scheduled Job Complete: frappe.utils.error.collect_error_snapshots for company_contacts
2021-05-14 21:00:16,021 INFO scheduler Scheduled Job Start: frappe.model.utils.user_settings.sync_user_settings for company_contacts
2021-05-14 21:00:16,256 INFO scheduler Scheduled Job Complete: frappe.model.utils.user_settings.sync_user_settings for company_contacts
2021-05-14 21:00:16,331 INFO scheduler Scheduled Job Start: frappe.model.utils.link_count.update_link_count for company_contacts
2021-05-14 21:00:16,569 INFO scheduler Scheduled Job Complete: frappe.model.utils.link_count.update_link_count for company_contacts
2021-05-14 21:00:16,641 INFO scheduler Scheduled Job Start: frappe.monitor.flush for company_contacts
2021-05-14 21:00:16,729 INFO scheduler Scheduled Job Complete: frappe.monitor.flush for company_contacts
2021-05-14 21:00:16,800 INFO scheduler Scheduled Job Start: frappe.utils.global_search.sync_global_search for company_contacts
2021-05-14 21:00:16,889 INFO scheduler Scheduled Job Complete: frappe.utils.global_search.sync_global_search for company_contacts
2021-05-14 21:00:16,957 INFO scheduler Scheduled Job Start: frappe.integrations.doctype.razorpay_settings.razorpay_settings.capture_payment for company_contacts
2021-05-14 21:00:17,214 INFO scheduler Scheduled Job Complete: frappe.integrations.doctype.razorpay_settings.razorpay_settings.capture_payment for company_contacts
2021-05-14 21:00:17,283 INFO scheduler Scheduled Job Start: frappe.email.doctype.email_account.email_account.notify_unreplied for company_contacts
2021-05-14 21:00:17,474 INFO scheduler Scheduled Job Complete: frappe.email.doctype.email_account.email_account.notify_unreplied for company_contacts
2021-05-14 21:00:17,543 INFO scheduler Scheduled Job Start: frappe.email.doctype.email_account.email_account.pull for company_contacts
2021-05-14 21:00:17,746 INFO scheduler Scheduled Job Complete: frappe.email.doctype.email_account.email_account.pull for company_contacts
2021-05-14 21:00:17,819 INFO scheduler Scheduled Job Start: frappe.email.queue.flush for company_contacts
2021-05-14 21:00:18,017 INFO scheduler Scheduled Job Complete: frappe.email.queue.flush for company_contacts
2021-05-14 21:00:18,084 INFO scheduler Scheduled Job Start: frappe.twofactor.delete_all_barcodes_for_users for company_contacts
2021-05-14 21:00:18,328 INFO scheduler Scheduled Job Complete: frappe.twofactor.delete_all_barcodes_for_users for company_contacts
2021-05-14 21:00:18,400 INFO scheduler Scheduled Job Start: frappe.website.doctype.web_page.web_page.check_publish_status for company_contacts
2021-05-14 21:00:18,687 INFO scheduler Scheduled Job Complete: frappe.website.doctype.web_page.web_page.check_publish_status for company_contacts
2021-05-14 21:00:18,760 INFO scheduler Scheduled Job Start: frappe.oauth.delete_oauth2_data for company_contacts
2021-05-14 21:00:19,014 INFO scheduler Scheduled Job Complete: frappe.oauth.delete_oauth2_data for company_contacts
2021-05-14 21:01:14,536 DEBUG scheduler Queued events for site company_contacts
2021-05-14 21:02:14,933 DEBUG scheduler Queued events for site company_contacts
2021-05-14 21:03:15,355 DEBUG scheduler Queued events for site company_contacts
2021-05-14 21:04:15,777 DEBUG scheduler Queued events for site company_contacts
2021-05-14 21:04:15,852 INFO scheduler Scheduled Job Start: frappe.monitor.flush for company_contacts
2021-05-14 21:04:16,018 INFO scheduler Scheduled Job Complete: frappe.monitor.flush for company_contacts
2021-05-14 21:04:16,088 INFO scheduler Scheduled Job Start: frappe.utils.global_search.sync_global_search for company_contacts
2021-05-14 21:04:16,179 INFO scheduler Scheduled Job Complete: frappe.utils.global_search.sync_global_search for company_contacts
2021-05-14 21:04:16,251 INFO scheduler Scheduled Job Start: frappe.integrations.doctype.razorpay_settings.razorpay_settings.capture_payment for company_contacts
2021-05-14 21:04:16,707 INFO scheduler Scheduled Job Complete: frappe.integrations.doctype.razorpay_settings.razorpay_settings.capture_payment for company_contacts
2021-05-14 21:04:16,783 INFO scheduler Scheduled Job Start: frappe.email.doctype.email_account.email_account.notify_unreplied for company_contacts
2021-05-14 21:04:17,040 INFO scheduler Scheduled Job Complete: frappe.email.doctype.email_account.email_account.notify_unreplied for company_contacts
2021-05-14 21:04:17,114 INFO scheduler Scheduled Job Start: frappe.email.doctype.email_account.email_account.pull for company_contacts
2021-05-14 21:04:17,323 INFO scheduler Scheduled Job Complete: frappe.email.doctype.email_account.email_account.pull for company_contacts
2021-05-14 21:04:17,393 INFO scheduler Scheduled Job Start: frappe.email.queue.flush for company_contacts
2021-05-14 21:04:17,607 INFO scheduler Scheduled Job Complete: frappe.email.queue.flush for company_contacts
2021-05-14 21:05:16,272 DEBUG scheduler Queued events for site company_contacts
2021-05-14 21:06:16,741 DEBUG scheduler Queued events for site company_contacts
2021-05-14 21:07:17,174 DEBUG scheduler Queued events for site company_contacts
2021-05-14 21:08:17,672 DEBUG scheduler Queued events for site company_contacts
2021-05-14 21:08:17,707 INFO scheduler Scheduled Job Start: frappe.monitor.flush for company_contacts
2021-05-14 21:08:17,806 INFO scheduler Scheduled Job Complete: frappe.monitor.flush for company_contacts
2021-05-14 21:08:17,876 INFO scheduler Scheduled Job Start: frappe.utils.global_search.sync_global_search for company_contacts
2021-05-14 21:08:17,963 INFO scheduler Scheduled Job Complete: frappe.utils.global_search.sync_global_search for company_contacts
2021-05-14 21:08:18,030 INFO scheduler Scheduled Job Start: frappe.integrations.doctype.razorpay_settings.razorpay_settings.capture_payment for company_contacts
2021-05-14 21:08:18,302 INFO scheduler Scheduled Job Complete: frappe.integrations.doctype.razorpay_settings.razorpay_settings.capture_payment for company_contacts
2021-05-14 21:08:18,371 INFO scheduler Scheduled Job Start: frappe.email.doctype.email_account.email_account.notify_unreplied for company_contacts
2021-05-14 21:08:18,562 INFO scheduler Scheduled Job Complete: frappe.email.doctype.email_account.email_account.notify_unreplied for company_contacts
2021-05-14 21:08:18,630 INFO scheduler Scheduled Job Start: frappe.email.doctype.email_account.email_account.pull for company_contacts
2021-05-14 21:08:18,831 INFO scheduler Scheduled Job Complete: frappe.email.doctype.email_account.email_account.pull for company_contacts
2021-05-14 21:08:18,899 INFO scheduler Scheduled Job Start: frappe.email.queue.flush for company_contacts
2021-05-14 21:08:19,099 INFO scheduler Scheduled Job Complete: frappe.email.queue.flush for company_contacts
2021-05-14 21:09:18,150 DEBUG scheduler Queued events for site company_contacts
2021-05-14 21:10:18,806 DEBUG scheduler Queued events for site company_contacts
2021-05-14 21:11:19,272 DEBUG scheduler Queued events for site company_contacts
2021-05-14 21:12:19,761 DEBUG scheduler Queued events for site company_contacts
2021-05-14 21:12:19,881 INFO scheduler Scheduled Job Start: frappe.monitor.flush for company_contacts
2021-05-14 21:12:20,199 INFO scheduler Scheduled Job Complete: frappe.monitor.flush for company_contacts
2021-05-14 21:12:20,268 INFO scheduler Scheduled Job Start: frappe.utils.global_search.sync_global_search for company_contacts
2021-05-14 21:12:20,356 INFO scheduler Scheduled Job Complete: frappe.utils.global_search.sync_global_search for company_contacts
2021-05-14 21:12:20,423 INFO scheduler Scheduled Job Start: frappe.integrations.doctype.razorpay_settings.razorpay_settings.capture_payment for company_contacts
2021-05-14 21:12:20,861 INFO scheduler Scheduled Job Complete: frappe.integrations.doctype.razorpay_settings.razorpay_settings.capture_payment for company_contacts
2021-05-14 21:12:20,928 INFO scheduler Scheduled Job Start: frappe.email.doctype.email_account.email_account.notify_unreplied for company_contacts
2021-05-14 21:12:21,222 INFO scheduler Scheduled Job Complete: frappe.email.doctype.email_account.email_account.notify_unreplied for company_contacts
2021-05-14 21:12:21,293 INFO scheduler Scheduled Job Start: frappe.email.doctype.email_account.email_account.pull for company_contacts
2021-05-14 21:12:21,497 INFO scheduler Scheduled Job Complete: frappe.email.doctype.email_account.email_account.pull for company_contacts
2021-05-14 21:12:21,564 INFO scheduler Scheduled Job Start: frappe.email.queue.flush for company_contacts
2021-05-14 21:12:21,793 INFO scheduler Scheduled Job Complete: frappe.email.queue.flush for company_contacts
