2021-05-13 19:05:33,723 DEBUG scheduler Queued events for site companies
2021-05-13 19:06:34,202 DEBUG scheduler Queued events for site companies
2021-05-14 20:57:09,547 INFO scheduler Scheduled Job Start: frappe.integrations.doctype.google_drive.google_drive.daily_backup for companies
2021-05-14 20:57:09,547 INFO scheduler Scheduled Job Start: frappe.core.doctype.log_settings.log_settings.run_log_clean_up for companies
2021-05-14 20:57:09,870 DEBUG scheduler Queued events for site companies
2021-05-14 20:57:10,629 INFO scheduler Scheduled Job Complete: frappe.core.doctype.log_settings.log_settings.run_log_clean_up for companies
2021-05-14 20:57:10,713 INFO scheduler Scheduled Job Start: frappe.core.doctype.prepared_report.prepared_report.delete_expired_prepared_reports for companies
2021-05-14 20:57:10,957 INFO scheduler Scheduled Job Complete: frappe.integrations.doctype.google_drive.google_drive.daily_backup for companies
2021-05-14 20:57:11,060 INFO scheduler Scheduled Job Start: frappe.integrations.doctype.s3_backup_settings.s3_backup_settings.take_backups_daily for companies
2021-05-14 20:57:11,145 INFO scheduler Scheduled Job Complete: frappe.core.doctype.prepared_report.prepared_report.delete_expired_prepared_reports for companies
2021-05-14 20:57:11,244 INFO scheduler Scheduled Job Start: frappe.email.doctype.unhandled_email.unhandled_email.remove_old_unhandled_emails for companies
2021-05-14 20:57:11,616 INFO scheduler Scheduled Job Complete: frappe.email.doctype.unhandled_email.unhandled_email.remove_old_unhandled_emails for companies
2021-05-14 20:57:11,658 INFO scheduler Scheduled Job Complete: frappe.integrations.doctype.s3_backup_settings.s3_backup_settings.take_backups_daily for companies
2021-05-14 20:57:11,716 INFO scheduler Scheduled Job Start: frappe.automation.doctype.auto_repeat.auto_repeat.set_auto_repeat_as_completed for companies
2021-05-14 20:57:11,758 INFO scheduler Scheduled Job Start: frappe.utils.change_log.check_for_update for companies
2021-05-14 20:57:12,162 INFO scheduler Scheduled Job Complete: frappe.automation.doctype.auto_repeat.auto_repeat.set_auto_repeat_as_completed for companies
2021-05-14 20:57:12,265 INFO scheduler Scheduled Job Start: frappe.automation.doctype.auto_repeat.auto_repeat.make_auto_repeat_entry for companies
2021-05-14 20:57:12,675 INFO scheduler Scheduled Job Complete: frappe.automation.doctype.auto_repeat.auto_repeat.make_auto_repeat_entry for companies
2021-05-14 20:57:12,750 INFO scheduler Scheduled Job Start: frappe.integrations.doctype.google_contacts.google_contacts.sync for companies
2021-05-14 20:57:13,227 INFO scheduler Scheduled Job Complete: frappe.integrations.doctype.google_contacts.google_contacts.sync for companies
2021-05-14 20:57:13,306 INFO scheduler Scheduled Job Start: frappe.social.doctype.energy_point_settings.energy_point_settings.allocate_review_points for companies
2021-05-14 20:57:13,594 INFO scheduler Scheduled Job Complete: frappe.social.doctype.energy_point_settings.energy_point_settings.allocate_review_points for companies
2021-05-14 20:57:13,670 INFO scheduler Scheduled Job Start: frappe.desk.form.document_follow.send_daily_updates for companies
2021-05-14 20:57:13,988 INFO scheduler Scheduled Job Complete: frappe.desk.form.document_follow.send_daily_updates for companies
2021-05-14 20:57:14,069 INFO scheduler Scheduled Job Start: frappe.website.doctype.personal_data_deletion_request.personal_data_deletion_request.remove_unverified_record for companies
2021-05-14 20:57:14,207 INFO scheduler Scheduled Job Start: frappe.integrations.doctype.dropbox_settings.dropbox_settings.take_backups_daily for companies
2021-05-14 20:57:14,402 INFO scheduler Scheduled Job Complete: frappe.website.doctype.personal_data_deletion_request.personal_data_deletion_request.remove_unverified_record for companies
2021-05-14 20:57:14,527 INFO scheduler Scheduled Job Start: frappe.email.doctype.auto_email_report.auto_email_report.send_daily for companies
2021-05-14 20:57:14,871 INFO scheduler Scheduled Job Complete: frappe.integrations.doctype.dropbox_settings.dropbox_settings.take_backups_daily for companies
2021-05-14 20:57:15,132 INFO scheduler Scheduled Job Complete: frappe.email.doctype.auto_email_report.auto_email_report.send_daily for companies
2021-05-14 20:57:15,221 INFO scheduler Scheduled Job Start: frappe.utils.scheduler.restrict_scheduler_events_if_dormant for companies
2021-05-14 20:57:15,515 INFO scheduler Scheduled Job Failed: frappe.utils.scheduler.restrict_scheduler_events_if_dormant for companies
2021-05-14 20:57:15,614 INFO scheduler Scheduled Job Start: frappe.realtime.remove_old_task_logs for companies
2021-05-14 20:57:15,979 INFO scheduler Scheduled Job Complete: frappe.realtime.remove_old_task_logs for companies
2021-05-14 20:57:16,079 INFO scheduler Scheduled Job Start: frappe.email.doctype.notification.notification.trigger_daily_alerts for companies
2021-05-14 20:57:16,475 INFO scheduler Scheduled Job Complete: frappe.email.doctype.notification.notification.trigger_daily_alerts for companies
2021-05-14 20:57:16,557 INFO scheduler Scheduled Job Start: frappe.sessions.clear_expired_sessions for companies
2021-05-14 20:57:16,850 INFO scheduler Scheduled Job Complete: frappe.sessions.clear_expired_sessions for companies
2021-05-14 20:57:16,939 INFO scheduler Scheduled Job Start: frappe.desk.doctype.event.event.send_event_digest for companies
2021-05-14 20:57:17,503 INFO scheduler Scheduled Job Complete: frappe.desk.doctype.event.event.send_event_digest for companies
2021-05-14 20:57:17,624 INFO scheduler Scheduled Job Start: frappe.core.doctype.error_log.error_log.set_old_logs_as_seen for companies
2021-05-14 20:57:18,034 INFO scheduler Scheduled Job Complete: frappe.core.doctype.error_log.error_log.set_old_logs_as_seen for companies
2021-05-14 20:57:18,153 INFO scheduler Scheduled Job Start: frappe.desk.notifications.clear_notifications for companies
2021-05-14 20:57:18,490 INFO scheduler Scheduled Job Complete: frappe.desk.notifications.clear_notifications for companies
2021-05-14 20:57:18,611 INFO scheduler Scheduled Job Start: frappe.email.queue.set_expiry_for_email_queue for companies
2021-05-14 20:57:18,966 INFO scheduler Scheduled Job Complete: frappe.email.queue.set_expiry_for_email_queue for companies
2021-05-14 20:57:19,065 INFO scheduler Scheduled Job Start: frappe.email.doctype.newsletter.newsletter.send_scheduled_email for companies
2021-05-14 20:57:19,603 INFO scheduler Scheduled Job Complete: frappe.email.doctype.newsletter.newsletter.send_scheduled_email for companies
2021-05-14 20:57:19,678 INFO scheduler Scheduled Job Start: frappe.integrations.doctype.google_calendar.google_calendar.sync for companies
2021-05-14 20:57:20,263 INFO scheduler Scheduled Job Complete: frappe.integrations.doctype.google_calendar.google_calendar.sync for companies
2021-05-14 20:57:20,372 INFO scheduler Scheduled Job Start: frappe.desk.form.document_follow.send_hourly_updates for companies
2021-05-14 20:57:21,010 INFO scheduler Scheduled Job Complete: frappe.desk.form.document_follow.send_hourly_updates for companies
2021-05-14 20:57:21,170 INFO scheduler Scheduled Job Start: frappe.deferred_insert.save_to_db for companies
2021-05-14 20:57:21,698 INFO scheduler Scheduled Job Complete: frappe.deferred_insert.save_to_db for companies
2021-05-14 20:57:21,777 INFO scheduler Scheduled Job Start: frappe.desk.page.backups.backups.delete_downloadable_backups for companies
2021-05-14 20:57:22,103 INFO scheduler Scheduled Job Complete: frappe.desk.page.backups.backups.delete_downloadable_backups for companies
2021-05-14 20:57:22,176 INFO scheduler Scheduled Job Start: frappe.utils.error.collect_error_snapshots for companies
2021-05-14 20:57:22,440 INFO scheduler Scheduled Job Complete: frappe.utils.error.collect_error_snapshots for companies
2021-05-14 20:57:22,512 INFO scheduler Scheduled Job Start: frappe.model.utils.user_settings.sync_user_settings for companies
2021-05-14 20:57:22,771 INFO scheduler Scheduled Job Complete: frappe.model.utils.user_settings.sync_user_settings for companies
2021-05-14 20:57:22,845 INFO scheduler Scheduled Job Start: frappe.model.utils.link_count.update_link_count for companies
2021-05-14 20:57:23,122 INFO scheduler Scheduled Job Complete: frappe.model.utils.link_count.update_link_count for companies
2021-05-14 20:57:23,199 INFO scheduler Scheduled Job Start: frappe.monitor.flush for companies
2021-05-14 20:57:23,285 INFO scheduler Scheduled Job Complete: frappe.monitor.flush for companies
2021-05-14 20:57:23,352 INFO scheduler Scheduled Job Start: frappe.utils.global_search.sync_global_search for companies
2021-05-14 20:57:23,438 INFO scheduler Scheduled Job Complete: frappe.utils.global_search.sync_global_search for companies
2021-05-14 20:57:23,508 INFO scheduler Scheduled Job Start: frappe.integrations.doctype.razorpay_settings.razorpay_settings.capture_payment for companies
2021-05-14 20:57:23,865 INFO scheduler Scheduled Job Complete: frappe.integrations.doctype.razorpay_settings.razorpay_settings.capture_payment for companies
2021-05-14 20:57:23,936 INFO scheduler Scheduled Job Start: frappe.email.doctype.email_account.email_account.notify_unreplied for companies
2021-05-14 20:57:24,206 INFO scheduler Scheduled Job Complete: frappe.email.doctype.email_account.email_account.notify_unreplied for companies
2021-05-14 20:57:24,278 INFO scheduler Scheduled Job Start: frappe.email.doctype.email_account.email_account.pull for companies
2021-05-14 20:57:24,504 INFO scheduler Scheduled Job Complete: frappe.email.doctype.email_account.email_account.pull for companies
2021-05-14 20:57:24,582 INFO scheduler Scheduled Job Start: frappe.email.queue.flush for companies
2021-05-14 20:57:24,781 INFO scheduler Scheduled Job Complete: frappe.email.queue.flush for companies
2021-05-14 20:57:24,852 INFO scheduler Scheduled Job Start: frappe.twofactor.delete_all_barcodes_for_users for companies
2021-05-14 20:57:25,136 INFO scheduler Scheduled Job Complete: frappe.twofactor.delete_all_barcodes_for_users for companies
2021-05-14 20:57:25,211 INFO scheduler Scheduled Job Start: frappe.website.doctype.web_page.web_page.check_publish_status for companies
2021-05-14 20:57:25,586 INFO scheduler Scheduled Job Complete: frappe.website.doctype.web_page.web_page.check_publish_status for companies
2021-05-14 20:57:25,662 INFO scheduler Scheduled Job Start: frappe.oauth.delete_oauth2_data for companies
2021-05-14 20:57:26,026 INFO scheduler Scheduled Job Complete: frappe.oauth.delete_oauth2_data for companies
2021-05-14 20:58:12,788 DEBUG scheduler Queued events for site companies
2021-05-14 20:59:13,367 DEBUG scheduler Queued events for site companies
2021-05-14 21:00:13,797 DEBUG scheduler Queued events for site companies
2021-05-14 21:01:14,461 DEBUG scheduler Queued events for site companies
2021-05-14 21:02:14,858 DEBUG scheduler Queued events for site companies
2021-05-14 21:03:15,278 DEBUG scheduler Queued events for site companies
2021-05-14 21:04:15,662 DEBUG scheduler Queued events for site companies
2021-05-14 21:05:16,200 DEBUG scheduler Queued events for site companies
2021-05-14 21:06:16,648 DEBUG scheduler Queued events for site companies
2021-05-14 21:07:17,098 DEBUG scheduler Queued events for site companies
2021-05-14 21:08:17,574 DEBUG scheduler Queued events for site companies
2021-05-14 21:09:18,079 DEBUG scheduler Queued events for site companies
2021-05-14 21:10:18,731 DEBUG scheduler Queued events for site companies
2021-05-14 21:11:19,201 DEBUG scheduler Queued events for site companies
2021-05-14 21:12:19,660 DEBUG scheduler Queued events for site companies
