2021-05-10 17:33:57,071 DEBUG scheduler Queued events for site companies
2021-05-10 17:34:57,478 DEBUG scheduler Queued events for site companies
2021-05-10 17:35:57,850 DEBUG scheduler Queued events for site companies
2021-05-10 17:36:58,253 DEBUG scheduler Queued events for site companies
2021-05-10 17:36:58,291 INFO scheduler Scheduled Job Start: frappe.monitor.flush for companies
2021-05-10 17:36:58,405 INFO scheduler Scheduled Job Complete: frappe.monitor.flush for companies
2021-05-10 17:36:58,477 INFO scheduler Scheduled Job Start: frappe.utils.global_search.sync_global_search for companies
2021-05-10 17:36:58,583 INFO scheduler Scheduled Job Complete: frappe.utils.global_search.sync_global_search for companies
2021-05-10 17:36:58,655 INFO scheduler Scheduled Job Start: frappe.integrations.doctype.razorpay_settings.razorpay_settings.capture_payment for companies
2021-05-10 17:36:58,918 INFO scheduler Scheduled Job Complete: frappe.integrations.doctype.razorpay_settings.razorpay_settings.capture_payment for companies
2021-05-10 17:36:58,990 INFO scheduler Scheduled Job Start: frappe.email.doctype.email_account.email_account.notify_unreplied for companies
2021-05-10 17:36:59,195 INFO scheduler Scheduled Job Complete: frappe.email.doctype.email_account.email_account.notify_unreplied for companies
2021-05-10 17:36:59,267 INFO scheduler Scheduled Job Start: frappe.email.doctype.email_account.email_account.pull for companies
2021-05-10 17:36:59,482 INFO scheduler Scheduled Job Complete: frappe.email.doctype.email_account.email_account.pull for companies
2021-05-10 17:36:59,555 INFO scheduler Scheduled Job Start: frappe.email.queue.flush for companies
2021-05-10 17:36:59,754 INFO scheduler Scheduled Job Complete: frappe.email.queue.flush for companies
2021-05-10 17:36:59,824 INFO scheduler Scheduled Job Start: frappe.monitor.flush for company_contacts
2021-05-10 17:36:59,929 INFO scheduler Scheduled Job Complete: frappe.monitor.flush for company_contacts
2021-05-10 17:36:59,998 INFO scheduler Scheduled Job Start: frappe.utils.global_search.sync_global_search for company_contacts
2021-05-10 17:37:00,106 INFO scheduler Scheduled Job Complete: frappe.utils.global_search.sync_global_search for company_contacts
2021-05-10 17:37:00,177 INFO scheduler Scheduled Job Start: frappe.integrations.doctype.razorpay_settings.razorpay_settings.capture_payment for company_contacts
2021-05-10 17:37:00,436 INFO scheduler Scheduled Job Complete: frappe.integrations.doctype.razorpay_settings.razorpay_settings.capture_payment for company_contacts
2021-05-10 17:37:00,506 INFO scheduler Scheduled Job Start: frappe.email.doctype.email_account.email_account.notify_unreplied for company_contacts
2021-05-10 17:37:00,713 INFO scheduler Scheduled Job Complete: frappe.email.doctype.email_account.email_account.notify_unreplied for company_contacts
2021-05-10 17:37:00,790 INFO scheduler Scheduled Job Start: frappe.email.doctype.email_account.email_account.pull for company_contacts
2021-05-10 17:37:01,012 INFO scheduler Scheduled Job Complete: frappe.email.doctype.email_account.email_account.pull for company_contacts
2021-05-10 17:37:01,086 INFO scheduler Scheduled Job Start: frappe.email.queue.flush for company_contacts
2021-05-10 17:37:01,309 INFO scheduler Scheduled Job Complete: frappe.email.queue.flush for company_contacts
2021-05-10 17:37:58,675 DEBUG scheduler Queued events for site companies
2021-05-10 17:38:59,112 DEBUG scheduler Queued events for site companies
2021-05-10 17:39:59,438 DEBUG scheduler Queued events for site companies
