2021-05-14 21:09:18,244 DEBUG scheduler Queued events for site vsdc_site
2021-05-14 21:10:18,909 DEBUG scheduler Queued events for site vsdc_site
2021-05-14 21:11:19,371 DEBUG scheduler Queued events for site vsdc_site
2021-05-14 21:12:19,901 DEBUG scheduler Queued events for site vsdc_site
2021-05-14 21:12:21,865 INFO scheduler Scheduled Job Start: frappe.monitor.flush for vsdc_site
2021-05-14 21:12:21,952 INFO scheduler Scheduled Job Complete: frappe.monitor.flush for vsdc_site
2021-05-14 21:12:22,020 INFO scheduler Scheduled Job Start: frappe.utils.global_search.sync_global_search for vsdc_site
2021-05-14 21:12:22,110 INFO scheduler Scheduled Job Complete: frappe.utils.global_search.sync_global_search for vsdc_site
2021-05-14 21:12:22,179 INFO scheduler Scheduled Job Start: frappe.integrations.doctype.razorpay_settings.razorpay_settings.capture_payment for vsdc_site
2021-05-14 21:12:22,441 INFO scheduler Scheduled Job Complete: frappe.integrations.doctype.razorpay_settings.razorpay_settings.capture_payment for vsdc_site
2021-05-14 21:12:22,511 INFO scheduler Scheduled Job Start: frappe.email.doctype.email_account.email_account.notify_unreplied for vsdc_site
2021-05-14 21:12:22,712 INFO scheduler Scheduled Job Complete: frappe.email.doctype.email_account.email_account.notify_unreplied for vsdc_site
2021-05-14 21:12:22,782 INFO scheduler Scheduled Job Start: frappe.email.doctype.email_account.email_account.pull for vsdc_site
2021-05-14 21:12:22,993 INFO scheduler Scheduled Job Complete: frappe.email.doctype.email_account.email_account.pull for vsdc_site
2021-05-14 21:12:23,062 INFO scheduler Scheduled Job Start: frappe.email.queue.flush for vsdc_site
2021-05-14 21:12:23,259 INFO scheduler Scheduled Job Complete: frappe.email.queue.flush for vsdc_site
2021-05-15 10:52:52,887 INFO scheduler Scheduled Job Start: frappe.monitor.flush for vsdc_site
2021-05-15 10:52:53,108 INFO scheduler Scheduled Job Complete: frappe.monitor.flush for vsdc_site
2021-05-15 10:52:53,187 INFO scheduler Scheduled Job Start: frappe.utils.global_search.sync_global_search for vsdc_site
2021-05-15 10:52:53,293 INFO scheduler Scheduled Job Complete: frappe.utils.global_search.sync_global_search for vsdc_site
2021-05-15 10:52:53,373 INFO scheduler Scheduled Job Start: frappe.integrations.doctype.razorpay_settings.razorpay_settings.capture_payment for vsdc_site
2021-05-15 10:52:53,939 INFO scheduler Scheduled Job Complete: frappe.integrations.doctype.razorpay_settings.razorpay_settings.capture_payment for vsdc_site
2021-05-15 10:52:54,022 INFO scheduler Scheduled Job Start: frappe.email.doctype.email_account.email_account.notify_unreplied for vsdc_site
2021-05-15 10:52:54,311 INFO scheduler Scheduled Job Complete: frappe.email.doctype.email_account.email_account.notify_unreplied for vsdc_site
2021-05-15 10:52:54,390 INFO scheduler Scheduled Job Start: frappe.email.doctype.email_account.email_account.pull for vsdc_site
2021-05-15 10:52:54,628 INFO scheduler Scheduled Job Complete: frappe.email.doctype.email_account.email_account.pull for vsdc_site
2021-05-15 10:52:54,707 INFO scheduler Scheduled Job Start: frappe.email.queue.flush for vsdc_site
2021-05-15 10:52:54,932 INFO scheduler Scheduled Job Complete: frappe.email.queue.flush for vsdc_site
2021-05-15 10:56:54,153 INFO scheduler Scheduled Job Start: frappe.monitor.flush for vsdc_site
2021-05-15 10:56:54,248 INFO scheduler Scheduled Job Complete: frappe.monitor.flush for vsdc_site
2021-05-15 10:56:54,326 INFO scheduler Scheduled Job Start: frappe.utils.global_search.sync_global_search for vsdc_site
2021-05-15 10:56:54,421 INFO scheduler Scheduled Job Complete: frappe.utils.global_search.sync_global_search for vsdc_site
2021-05-15 10:56:54,499 INFO scheduler Scheduled Job Start: frappe.integrations.doctype.razorpay_settings.razorpay_settings.capture_payment for vsdc_site
2021-05-15 10:56:54,802 INFO scheduler Scheduled Job Complete: frappe.integrations.doctype.razorpay_settings.razorpay_settings.capture_payment for vsdc_site
2021-05-15 10:56:54,883 INFO scheduler Scheduled Job Start: frappe.email.doctype.email_account.email_account.notify_unreplied for vsdc_site
2021-05-15 10:56:55,101 INFO scheduler Scheduled Job Complete: frappe.email.doctype.email_account.email_account.notify_unreplied for vsdc_site
2021-05-15 10:56:55,179 INFO scheduler Scheduled Job Start: frappe.email.doctype.email_account.email_account.pull for vsdc_site
2021-05-15 10:56:55,404 INFO scheduler Scheduled Job Complete: frappe.email.doctype.email_account.email_account.pull for vsdc_site
2021-05-15 10:56:55,480 INFO scheduler Scheduled Job Start: frappe.email.queue.flush for vsdc_site
2021-05-15 10:56:55,690 INFO scheduler Scheduled Job Complete: frappe.email.queue.flush for vsdc_site
